<?xml version="1.0" encoding="UTF-8"?>
<!-- Generated by org.testng.reporters.JUnitReportReporter -->
<testsuite hostname="MuzammilLaptop" failures="0" tests="4" name="basic_cal.addition" time="3.311" errors="0" timestamp="2023-01-29T19:33:44 IST" skipped="0">
  <testcase classname="basic_cal.addition" name="addition_TC_02" time="0.511"/>
  <system-out/>
  <testcase classname="basic_cal.addition" name="setup" time="1.671"/>
  <system-out/>
  <testcase classname="basic_cal.addition" name="addition_TC_01" time="0.659"/>
  <system-out/>
  <testcase classname="basic_cal.addition" name="addition_TC_03" time="0.470"/>
  <system-out/>
</testsuite> <!-- basic_cal.addition -->
