<?xml version="1.0" encoding="UTF-8"?>
<!-- Generated by org.testng.reporters.JUnitReportReporter -->
<testsuite hostname="MuzammilLaptop" failures="0" tests="1" name="basic_cal.NewTest" time="0.031" errors="0" timestamp="2023-01-24T20:43:52 IST" skipped="0">
  <testcase classname="basic_cal.NewTest" name="f" time="0.031"/>
  <system-out/>
</testsuite> <!-- basic_cal.NewTest -->
