<?xml version="1.0" encoding="UTF-8"?>
<!-- Generated by org.testng.reporters.JUnitReportReporter -->
<testsuite hostname="MuzammilLaptop" failures="0" tests="4" name="basic_cal.subtraction" time="3.405" errors="0" timestamp="2023-01-29T19:40:17 IST" skipped="0">
  <testcase classname="basic_cal.subtraction" name="setup" time="2.093"/>
  <system-out/>
  <testcase classname="basic_cal.subtraction" name="subtraction_TC_02" time="0.486"/>
  <system-out/>
  <testcase classname="basic_cal.subtraction" name="subtraction_TC_01" time="0.403"/>
  <system-out/>
  <testcase classname="basic_cal.subtraction" name="subtraction_TC_03" time="0.423"/>
  <system-out/>
</testsuite> <!-- basic_cal.subtraction -->
