<?xml version="1.0" encoding="UTF-8"?>
<!-- Generated by org.testng.reporters.JUnitReportReporter -->
<testsuite hostname="MuzammilLaptop" failures="0" tests="4" name="basic_cal.multiplication" time="3.899" errors="0" timestamp="2023-02-04T14:01:44 IST" skipped="0">
  <testcase classname="basic_cal.multiplication" name="setup" time="2.303"/>
  <system-out/>
  <testcase classname="basic_cal.multiplication" name="multiplication_TC_03" time="0.496"/>
  <system-out/>
  <testcase classname="basic_cal.multiplication" name="multiplication_TC_01" time="0.626"/>
  <system-out/>
  <testcase classname="basic_cal.multiplication" name="multiplication_TC_02" time="0.474"/>
  <system-out/>
</testsuite> <!-- basic_cal.multiplication -->
