<?xml version="1.0" encoding="UTF-8"?>
<!-- Generated by org.testng.reporters.JUnitReportReporter -->
<testsuite hostname="MuzammilLaptop" failures="0" tests="1" name="basic_cal.sanity_test" time="0.306" errors="0" timestamp="2023-01-29T12:38:28 IST" skipped="0">
  <testcase classname="basic_cal.sanity_test" name="sanity" time="0.306"/>
  <system-out/>
</testsuite> <!-- basic_cal.sanity_test -->
